0 info it worked if it ends with ok
1 verbose cli [ '/home/niels/.nvm/versions/node/v6.2.0/bin/node',
1 verbose cli   '/home/niels/.nvm/versions/node/v6.2.0/bin/npm',
1 verbose cli   'version',
1 verbose cli   'minor' ]
2 info using npm@3.8.9
3 info using node@v6.2.0
4 info git [ 'status', '--porcelain' ]
5 verbose stack Error: Git working directory not clean.
5 verbose stack M app.js
5 verbose stack M config/development.js
5 verbose stack M modules/javascript.js
5 verbose stack M package.json
5 verbose stack M router.js
5 verbose stack     at /home/niels/.nvm/versions/node/v6.2.0/lib/node_modules/npm/lib/version.js:246:19
5 verbose stack     at ChildProcess.exithandler (child_process.js:193:7)
5 verbose stack     at emitTwo (events.js:106:13)
5 verbose stack     at ChildProcess.emit (events.js:191:7)
5 verbose stack     at maybeClose (internal/child_process.js:850:16)
5 verbose stack     at Process.ChildProcess._handle.onexit (internal/child_process.js:215:5)
6 verbose cwd /home/niels/projects/jsdroid2
7 error Linux 3.13.0-79-generic
8 error argv "/home/niels/.nvm/versions/node/v6.2.0/bin/node" "/home/niels/.nvm/versions/node/v6.2.0/bin/npm" "version" "minor"
9 error node v6.2.0
10 error npm  v3.8.9
11 error Git working directory not clean.
11 error M app.js
11 error M config/development.js
11 error M modules/javascript.js
11 error M package.json
11 error M router.js
12 error If you need help, you may report this error at:
12 error     <https://github.com/npm/npm/issues>
13 verbose exit [ 1, true ]
